#
# There is insufficient memory for the Java Runtime Environment to continue.
# Native memory allocation (mmap) failed to map 268435456 bytes for G1 virtual space
# Possible reasons:
#   The system is out of physical RAM or swap space
#   The process is running with CompressedOops enabled, and the Java Heap may be blocking the growth of the native heap
# Possible solutions:
#   Reduce memory load on the system
#   Increase physical memory or swap space
#   Check if swap backing store is full
#   Decrease Java heap size (-Xmx/-Xms)
#   Decrease number of Java threads
#   Decrease Java thread stack sizes (-Xss)
#   Set larger code cache with -XX:ReservedCodeCacheSize=
#   JVM is running with Zero Based Compressed Oops mode in which the Java heap is
#     placed in the first 32GB address space. The Java Heap base address is the
#     maximum limit for the native heap growth. Please use -XX:HeapBaseMinAddress
#     to set the Java Heap base and to place the Java Heap above 32GB virtual address.
# This output file may be truncated or incomplete.
#
#  Out of Memory Error (os_windows.cpp:3559), pid=23460, tid=27260
#
# JRE version:  (17.0.7+7) (build )
# Java VM: OpenJDK 64-Bit Server VM (17.0.7+7-LTS, mixed mode, sharing, tiered, compressed oops, compressed class ptrs, g1 gc, windows-amd64)
# No core dump will be written. Minidumps are not enabled by default on client versions of Windows
#

---------------  S U M M A R Y ------------

Command Line: -Dfile.encoding=x-windows-949 -Duser.country=KR -Duser.language=ko -Duser.variant jpabook.jpashop.JpashopApplication

Host: AMD Ryzen 5 5600X 6-Core Processor             , 12 cores, 15G,  Windows 11 , 64 bit Build 22621 (10.0.22621.2506)
Time: Thu Dec 14 20:27:16 2023  Windows 11 , 64 bit Build 22621 (10.0.22621.2506) elapsed time: 0.016690 seconds (0d 0h 0m 0s)

---------------  T H R E A D  ---------------

Current thread (0x000002073ebd9ca0):  JavaThread "Unknown thread" [_thread_in_vm, id=27260, stack(0x000000f0cbd00000,0x000000f0cbe00000)]

Stack: [0x000000f0cbd00000,0x000000f0cbe00000]
Native frames: (J=compiled Java code, j=interpreted, Vv=VM code, C=native code)
V  [jvm.dll+0x64b53a]
V  [jvm.dll+0x7fef54]
V  [jvm.dll+0x80070e]
V  [jvm.dll+0x800d63]
V  [jvm.dll+0x236a2b]
V  [jvm.dll+0x64843a]
V  [jvm.dll+0x63ce8a]
V  [jvm.dll+0x2f5629]
V  [jvm.dll+0x2fc826]
V  [jvm.dll+0x348eea]
V  [jvm.dll+0x34912f]
V  [jvm.dll+0x2cb9a8]
V  [jvm.dll+0x2cc939]
V  [jvm.dll+0x7d2cd1]
V  [jvm.dll+0x3563c1]
V  [jvm.dll+0x7b32ae]
V  [jvm.dll+0x3d38d3]
V  [jvm.dll+0x3d52c1]
C  [jli.dll+0x51bf]
C  [ucrtbase.dll+0x29363]
C  [KERNEL32.DLL+0x1257d]
C  [ntdll.dll+0x5aa58]


---------------  P R O C E S S  ---------------

Threads class SMR info:
_java_thread_list=0x00007ff9fa22c858, length=0, elements={
}

Java Threads: ( => current thread )

Other Threads:
  0x000002073ec462f0 GCTaskThread "GC Thread#0" [stack: 0x000000f0cbe00000,0x000000f0cbf00000] [id=30556]
  0x000002073ec57150 ConcurrentGCThread "G1 Main Marker" [stack: 0x000000f0cbf00000,0x000000f0cc000000] [id=19256]
  0x000002073ec583a0 ConcurrentGCThread "G1 Conc#0" [stack: 0x000000f0cc000000,0x000000f0cc100000] [id=4192]

[error occurred during error reporting (printing all threads), id 0xc0000005, EXCEPTION_ACCESS_VIOLATION (0xc0000005) at pc=0x00007ff9f9a1cc47]

VM state: not at safepoint (not fully initialized)

VM Mutex/Monitor currently owned by a thread:  ([mutex/lock_event])
[0x000002073eaab830] Heap_lock - owner thread: 0x000002073ebd9ca0

Heap address: 0x0000000701c00000, size: 4068 MB, Compressed Oops mode: Zero based, Oop shift amount: 3

CDS archive(s) mapped at: [0x0000000000000000-0x0000000000000000-0x0000000000000000), size 0, SharedBaseAddress: 0x0000000800000000, ArchiveRelocationMode: 0.
Narrow klass base: 0x0000000000000000, Narrow klass shift: 0, Narrow klass range: 0x0

GC Precious Log:
<Empty>

Heap:
 garbage-first heap   total 0K, used 0K [0x0000000701c00000, 0x0000000800000000)
  region size 2048K, 0 young (0K), 0 survivors (0K)

[error occurred during error reporting (printing heap information), id 0xc0000005, EXCEPTION_ACCESS_VIOLATION (0xc0000005) at pc=0x00007ff9f9de3419]

GC Heap History (0 events):
No events

Dll operation events (1 events):
Event: 0.011 Loaded shared library C:\Users\kjy51\.jdks\corretto-17.0.7\bin\java.dll

Deoptimization events (0 events):
No events

Classes unloaded (0 events):
No events

Classes redefined (0 events):
No events

Internal exceptions (0 events):
No events

VM Operations (0 events):
No events

Events (0 events):
No events


Dynamic libraries:
0x00007ff7c8370000 - 0x00007ff7c837d000 	C:\Users\kjy51\.jdks\corretto-17.0.7\bin\java.exe
0x00007ffa8d0f0000 - 0x00007ffa8d307000 	C:\Windows\SYSTEM32\ntdll.dll
0x00007ffa61b30000 - 0x00007ffa61b49000 	C:\Program Files\Avast Software\Avast\aswhook.dll
0x00007ffa8bc70000 - 0x00007ffa8bd34000 	C:\Windows\System32\KERNEL32.DLL
0x00007ffa8a460000 - 0x00007ffa8a806000 	C:\Windows\System32\KERNELBASE.dll
0x00007ffa8a9b0000 - 0x00007ffa8aac1000 	C:\Windows\System32\ucrtbase.dll
0x00007ffa75720000 - 0x00007ffa75737000 	C:\Users\kjy51\.jdks\corretto-17.0.7\bin\jli.dll
0x00007ffa60a70000 - 0x00007ffa60a85000 	C:\Users\kjy51\.jdks\corretto-17.0.7\bin\VCRUNTIME140.dll
0x00007ffa8aec0000 - 0x00007ffa8b06e000 	C:\Windows\System32\USER32.dll
0x00007ffa8a810000 - 0x00007ffa8a836000 	C:\Windows\System32\win32u.dll
0x00007ffa8cd00000 - 0x00007ffa8cd29000 	C:\Windows\System32\GDI32.dll
0x00007ffa8aad0000 - 0x00007ffa8abe8000 	C:\Windows\System32\gdi32full.dll
0x00007ffa8ada0000 - 0x00007ffa8ae3a000 	C:\Windows\System32\msvcp_win.dll
0x00007ffa7c870000 - 0x00007ffa7cb03000 	C:\Windows\WinSxS\amd64_microsoft.windows.common-controls_6595b64144ccf1df_6.0.22621.2506_none_270c5ae97388e100\COMCTL32.dll
0x00007ffa8c060000 - 0x00007ffa8c107000 	C:\Windows\System32\msvcrt.dll
0x00007ffa8bd40000 - 0x00007ffa8bd71000 	C:\Windows\System32\IMM32.DLL
0x00007ffa4e280000 - 0x00007ffa4e31b000 	C:\Users\kjy51\.jdks\corretto-17.0.7\bin\msvcp140.dll
0x00007ff9f9740000 - 0x00007ff9fa35a000 	C:\Users\kjy51\.jdks\corretto-17.0.7\bin\server\jvm.dll
0x00007ffa8ba20000 - 0x00007ffa8bad1000 	C:\Windows\System32\ADVAPI32.dll
0x00007ffa8d000000 - 0x00007ffa8d0a5000 	C:\Windows\System32\sechost.dll
0x00007ffa8be80000 - 0x00007ffa8bf97000 	C:\Windows\System32\RPCRT4.dll
0x00007ffa82a30000 - 0x00007ffa82a3a000 	C:\Windows\SYSTEM32\VERSION.dll
0x00007ffa84050000 - 0x00007ffa84084000 	C:\Windows\SYSTEM32\WINMM.dll
0x00007ffa7bf30000 - 0x00007ffa7bf39000 	C:\Windows\SYSTEM32\WSOCK32.dll
0x00007ffa8b230000 - 0x00007ffa8b2a1000 	C:\Windows\System32\WS2_32.dll
0x00007ffa894f0000 - 0x00007ffa89508000 	C:\Windows\SYSTEM32\kernel.appcore.dll
0x00007ffa857c0000 - 0x00007ffa857ca000 	C:\Users\kjy51\.jdks\corretto-17.0.7\bin\jimage.dll
0x00007ffa80f30000 - 0x00007ffa81163000 	C:\Windows\SYSTEM32\DBGHELP.DLL
0x00007ffa8c110000 - 0x00007ffa8c499000 	C:\Windows\System32\combase.dll
0x00007ffa8b940000 - 0x00007ffa8ba17000 	C:\Windows\System32\OLEAUT32.dll
0x00007ffa80d50000 - 0x00007ffa80d82000 	C:\Windows\SYSTEM32\dbgcore.DLL
0x00007ffa8abf0000 - 0x00007ffa8ac6a000 	C:\Windows\System32\bcryptPrimitives.dll
0x00007ffa60a30000 - 0x00007ffa60a55000 	C:\Users\kjy51\.jdks\corretto-17.0.7\bin\java.dll

dbghelp: loaded successfully - version: 4.0.5 - missing functions: none
symbol engine: initialized successfully - sym options: 0x614 - pdb path: .;C:\Users\kjy51\.jdks\corretto-17.0.7\bin;C:\Windows\SYSTEM32;C:\Program Files\Avast Software\Avast;C:\Windows\WinSxS\amd64_microsoft.windows.common-controls_6595b64144ccf1df_6.0.22621.2506_none_270c5ae97388e100;C:\Users\kjy51\.jdks\corretto-17.0.7\bin\server

VM Arguments:
jvm_args: -Dfile.encoding=x-windows-949 -Duser.country=KR -Duser.language=ko -Duser.variant 
java_command: jpabook.jpashop.JpashopApplication
java_class_path (initial): E:\Work\Jpa\jpashop\jpashop\build\classes\java\main;E:\Work\Jpa\jpashop\jpashop\build\resources\main;C:\Users\kjy51\.gradle\caches\modules-2\files-2.1\org.springframework.boot\spring-boot-starter-data-jpa\3.2.0\6a8ad077a37f8a0cef6949dcfd91a9b2115cade\spring-boot-starter-data-jpa-3.2.0.jar;C:\Users\kjy51\.gradle\caches\modules-2\files-2.1\org.springframework.boot\spring-boot-starter-thymeleaf\3.2.0\aafdb22a1cb8f8f7f38786417a39d56de51213ba\spring-boot-starter-thymeleaf-3.2.0.jar;C:\Users\kjy51\.gradle\caches\modules-2\files-2.1\org.springframework.boot\spring-boot-starter-web\3.2.0\e609f839e7c2ff9c90bc75d7c05dbcbb19315319\spring-boot-starter-web-3.2.0.jar;C:\Users\kjy51\.gradle\caches\modules-2\files-2.1\org.springframework.boot\spring-boot-devtools\3.2.0\b8a547cba9b5ea40c1b2b0257bc0f19ebe4a0e17\spring-boot-devtools-3.2.0.jar;C:\Users\kjy51\.gradle\caches\modules-2\files-2.1\com.h2database\h2\2.2.224\7bdade27d8cd197d9b5ce9dc251f41d2edc5f7ad\h2-2.2.224.jar;C:\Users\kjy51\.gradle\caches\modules-2\files-2.1\org.springframework.boot\spring-boot-starter-aop\3.2.0\1c4e5498a0ae4c179d0c192e9b674ac656f3e0b9\spring-boot-starter-aop-3.2.0.jar;C:\Users\kjy51\.gradle\caches\modules-2\files-2.1\org.springframework.boot\spring-boot-starter-jdbc\3.2.0\1ab4ef09c814142be2fafc6d40c9bc242921ca12\spring-boot-starter-jdbc-3.2.0.jar;C:\Users\kjy51\.gradle\caches\modules-2\files-2.1\org.hibernate.orm\hibernate-core\6.3.1.Final\1101d7e09e4853a110fd27a6f35c906f5709ac4f\hibernate-core-6.3.1.Final.jar;C:\Users\kjy51\.gradle\caches\modules-2\files-2.1\org.springframework.data\spring-data-jpa\3.2.0\59e49a0eca3d02c3dc593e7a881c19b932641894\spring-data-jpa-3.2.0.jar;C:\Users\kjy51\.gradle\caches\modules-2\files-2.1\org.springframework\spring-aspects\6.1.1\bfcb6682e205b4ef6ae7986ac7ea35eae29f31f4\spring-aspects-6.1.1.jar;C:\Users\kjy51\.gradle\caches\modules-2\files-2.1\org.springframework.boot\spring-boot-starter-json\3.2.0\e831483c03433b987cc9c72f8ea67757f9865191\spring
Launcher Type: SUN_STANDARD

[Global flags]
     intx CICompilerCount                          = 4                                         {product} {ergonomic}
     uint ConcGCThreads                            = 3                                         {product} {ergonomic}
     uint G1ConcRefinementThreads                  = 10                                        {product} {ergonomic}
   size_t G1HeapRegionSize                         = 2097152                                   {product} {ergonomic}
    uintx GCDrainStackTargetSize                   = 64                                        {product} {ergonomic}
   size_t InitialHeapSize                          = 268435456                                 {product} {ergonomic}
   size_t MarkStackSize                            = 4194304                                   {product} {ergonomic}
   size_t MaxHeapSize                              = 4265607168                                {product} {ergonomic}
   size_t MinHeapDeltaBytes                        = 2097152                                   {product} {ergonomic}
   size_t MinHeapSize                              = 8388608                                   {product} {ergonomic}
    uintx NonNMethodCodeHeapSize                   = 5839372                                {pd product} {ergonomic}
    uintx NonProfiledCodeHeapSize                  = 122909434                              {pd product} {ergonomic}
    uintx ProfiledCodeHeapSize                     = 122909434                              {pd product} {ergonomic}
    uintx ReservedCodeCacheSize                    = 251658240                              {pd product} {ergonomic}
     bool SegmentedCodeCache                       = true                                      {product} {ergonomic}
   size_t SoftMaxHeapSize                          = 4265607168                             {manageable} {ergonomic}
     bool UseCompressedClassPointers               = true                           {product lp64_product} {ergonomic}
     bool UseCompressedOops                        = true                           {product lp64_product} {ergonomic}
     bool UseG1GC                                  = true                                      {product} {ergonomic}
     bool UseLargePagesIndividualAllocation        = false                                  {pd product} {ergonomic}

Logging:
Log output configuration:
 #0: stdout all=warning uptime,level,tags
 #1: stderr all=off uptime,level,tags

Environment Variables:
PATH=E:\Program Files (x86)\VMware\VMware Player\bin\;C:\Program Files\Common Files\Oracle\Java\javapath;C:\Python311\Scripts\;C:\Python311\;C:\Windows\system32;C:\Windows;C:\Windows\System32\Wbem;C:\Windows\System32\WindowsPowerShell\v1.0\;C:\Windows\System32\OpenSSH\;C:\Program Files\Bandizip\;C:\ProgramData\chocolatey\bin;F:\Git\cmd;C:\Program Files\Docker\Docker\resources\bin;E:\;C:\Program Files (x86)\Windows Kits\10\Windows Performance Toolkit\;C:\Users\kjy51\AppData\Local\Microsoft\WindowsApps;;E:\JetBrains\IntelliJ IDEA Community Edition 2023.3.1\bin;;E:\Microsoft VS Code\bin;E:\Program Files\JetBrains\IntelliJ IDEA 2023.1.1\bin;;C:\Users\kjy51\AppData\Roaming\npm
USERNAME=kjy51
OS=Windows_NT
PROCESSOR_IDENTIFIER=AMD64 Family 25 Model 33 Stepping 2, AuthenticAMD
TMP=C:\Users\kjy51\AppData\Local\Temp
TEMP=C:\Users\kjy51\AppData\Local\Temp



---------------  S Y S T E M  ---------------

OS:
 Windows 11 , 64 bit Build 22621 (10.0.22621.2506)
OS uptime: 0 days 13:51 hours

CPU: total 12 (initial active 12) (12 cores per cpu, 2 threads per core) family 25 model 33 stepping 2 microcode 0x0, cx8, cmov, fxsr, ht, mmx, 3dnowpref, sse, sse2, sse3, ssse3, sse4a, sse4.1, sse4.2, popcnt, lzcnt, tsc, tscinvbit, avx, avx2, aes, erms, clmul, bmi1, bmi2, adx, sha, fma, vzeroupper, clflush, clflushopt

Memory: 4k page, system-wide physical 16267M (3878M free)
TotalPageFile size 16267M (AvailPageFile size 167M)
current process WorkingSet (physical memory assigned to process): 12M, peak: 12M
current process commit charge ("private bytes"): 64M, peak: 320M

vm_info: OpenJDK 64-Bit Server VM (17.0.7+7-LTS) for windows-amd64 JRE (17.0.7+7-LTS), built on Apr 14 2023 01:39:21 by "Administrator" with MS VC++ 15.9 (VS2017)

END.
