#
# There is insufficient memory for the Java Runtime Environment to continue.
# Native memory allocation (mmap) failed to map 268435456 bytes for G1 virtual space
# Possible reasons:
#   The system is out of physical RAM or swap space
#   The process is running with CompressedOops enabled, and the Java Heap may be blocking the growth of the native heap
# Possible solutions:
#   Reduce memory load on the system
#   Increase physical memory or swap space
#   Check if swap backing store is full
#   Decrease Java heap size (-Xmx/-Xms)
#   Decrease number of Java threads
#   Decrease Java thread stack sizes (-Xss)
#   Set larger code cache with -XX:ReservedCodeCacheSize=
#   JVM is running with Zero Based Compressed Oops mode in which the Java heap is
#     placed in the first 32GB address space. The Java Heap base address is the
#     maximum limit for the native heap growth. Please use -XX:HeapBaseMinAddress
#     to set the Java Heap base and to place the Java Heap above 32GB virtual address.
# This output file may be truncated or incomplete.
#
#  Out of Memory Error (os_windows.cpp:3559), pid=31220, tid=31800
#
# JRE version:  (17.0.7+7) (build )
# Java VM: OpenJDK 64-Bit Server VM (17.0.7+7-LTS, mixed mode, sharing, tiered, compressed oops, compressed class ptrs, g1 gc, windows-amd64)
# No core dump will be written. Minidumps are not enabled by default on client versions of Windows
#

---------------  S U M M A R Y ------------

Command Line: -ea -Didea.test.cyclic.buffer.size=1048576 -javaagent:E:\JetBrains\IntelliJ IDEA Community Edition 2023.3.1\lib\idea_rt.jar=51606:E:\JetBrains\IntelliJ IDEA Community Edition 2023.3.1\bin -Dfile.encoding=UTF-8 com.intellij.rt.junit.JUnitStarter -ideVersion5 -junit5 jpabook.jpashop.MemberRepositoryTest,testMember

Host: AMD Ryzen 5 5600X 6-Core Processor             , 12 cores, 15G,  Windows 11 , 64 bit Build 22621 (10.0.22621.2506)
Time: Thu Dec 14 22:43:16 2023  Windows 11 , 64 bit Build 22621 (10.0.22621.2506) elapsed time: 0.020307 seconds (0d 0h 0m 0s)

---------------  T H R E A D  ---------------

Current thread (0x000002b8e6eb4740):  JavaThread "Unknown thread" [_thread_in_vm, id=31800, stack(0x000000c2b6800000,0x000000c2b6900000)]

Stack: [0x000000c2b6800000,0x000000c2b6900000]
Native frames: (J=compiled Java code, j=interpreted, Vv=VM code, C=native code)
V  [jvm.dll+0x64b53a]
V  [jvm.dll+0x7fef54]
V  [jvm.dll+0x80070e]
V  [jvm.dll+0x800d63]
V  [jvm.dll+0x236a2b]
V  [jvm.dll+0x64843a]
V  [jvm.dll+0x63ce8a]
V  [jvm.dll+0x2f5629]
V  [jvm.dll+0x2fc826]
V  [jvm.dll+0x348eea]
V  [jvm.dll+0x34912f]
V  [jvm.dll+0x2cb9a8]
V  [jvm.dll+0x2cc939]
V  [jvm.dll+0x7d2cd1]
V  [jvm.dll+0x3563c1]
V  [jvm.dll+0x7b32ae]
V  [jvm.dll+0x3d38d3]
V  [jvm.dll+0x3d52c1]
C  [jli.dll+0x51bf]
C  [ucrtbase.dll+0x29363]
C  [KERNEL32.DLL+0x1257d]
C  [ntdll.dll+0x5aa58]


---------------  P R O C E S S  ---------------

Threads class SMR info:
_java_thread_list=0x00007ffe2645c858, length=0, elements={
}

Java Threads: ( => current thread )

Other Threads:
  0x000002b8e6f20d80 GCTaskThread "GC Thread#0" [stack: 0x000000c2b6900000,0x000000c2b6a00000] [id=12308]
  0x000002b8e6f31bd0 ConcurrentGCThread "G1 Main Marker" [stack: 0x000000c2b6a00000,0x000000c2b6b00000] [id=29568]
  0x000002b8e6f32e20 ConcurrentGCThread "G1 Conc#0" [stack: 0x000000c2b6b00000,0x000000c2b6c00000] [id=26792]

[error occurred during error reporting (printing all threads), id 0xc0000005, EXCEPTION_ACCESS_VIOLATION (0xc0000005) at pc=0x00007ffe25c4cc47]

VM state: not at safepoint (not fully initialized)

VM Mutex/Monitor currently owned by a thread:  ([mutex/lock_event])
[0x000002b8e6eb04b0] Heap_lock - owner thread: 0x000002b8e6eb4740

Heap address: 0x0000000701c00000, size: 4068 MB, Compressed Oops mode: Zero based, Oop shift amount: 3

CDS archive(s) mapped at: [0x0000000000000000-0x0000000000000000-0x0000000000000000), size 0, SharedBaseAddress: 0x0000000800000000, ArchiveRelocationMode: 0.
Narrow klass base: 0x0000000000000000, Narrow klass shift: 0, Narrow klass range: 0x0

GC Precious Log:
<Empty>

Heap:
 garbage-first heap   total 0K, used 0K [0x0000000701c00000, 0x0000000800000000)
  region size 2048K, 0 young (0K), 0 survivors (0K)

[error occurred during error reporting (printing heap information), id 0xc0000005, EXCEPTION_ACCESS_VIOLATION (0xc0000005) at pc=0x00007ffe26013419]

GC Heap History (0 events):
No events

Dll operation events (1 events):
Event: 0.014 Loaded shared library C:\Users\kjy51\.jdks\corretto-17.0.7\bin\java.dll

Deoptimization events (0 events):
No events

Classes unloaded (0 events):
No events

Classes redefined (0 events):
No events

Internal exceptions (0 events):
No events

VM Operations (0 events):
No events

Events (0 events):
No events


Dynamic libraries:
0x00007ff6996c0000 - 0x00007ff6996cd000 	C:\Users\kjy51\.jdks\corretto-17.0.7\bin\java.exe
0x00007ffecb8b0000 - 0x00007ffecbac7000 	C:\Windows\SYSTEM32\ntdll.dll
0x00007ffebff30000 - 0x00007ffebff49000 	C:\Program Files\Avast Software\Avast\aswhook.dll
0x00007ffec9980000 - 0x00007ffec9a44000 	C:\Windows\System32\KERNEL32.DLL
0x00007ffec8f90000 - 0x00007ffec9336000 	C:\Windows\System32\KERNELBASE.dll
0x00007ffec9370000 - 0x00007ffec9481000 	C:\Windows\System32\ucrtbase.dll
0x00007ffeb4a70000 - 0x00007ffeb4a85000 	C:\Users\kjy51\.jdks\corretto-17.0.7\bin\VCRUNTIME140.dll
0x00007ffeb4a90000 - 0x00007ffeb4aa7000 	C:\Users\kjy51\.jdks\corretto-17.0.7\bin\jli.dll
0x00007ffecab80000 - 0x00007ffecad2e000 	C:\Windows\System32\USER32.dll
0x00007ffec9340000 - 0x00007ffec9366000 	C:\Windows\System32\win32u.dll
0x00007ffecb1c0000 - 0x00007ffecb1e9000 	C:\Windows\System32\GDI32.dll
0x00007ffec8c20000 - 0x00007ffec8d38000 	C:\Windows\System32\gdi32full.dll
0x00007ffec8d40000 - 0x00007ffec8dda000 	C:\Windows\System32\msvcp_win.dll
0x00007ffebb340000 - 0x00007ffebb5d3000 	C:\Windows\WinSxS\amd64_microsoft.windows.common-controls_6595b64144ccf1df_6.0.22621.2506_none_270c5ae97388e100\COMCTL32.dll
0x00007ffecb3f0000 - 0x00007ffecb497000 	C:\Windows\System32\msvcrt.dll
0x00007ffecb830000 - 0x00007ffecb861000 	C:\Windows\System32\IMM32.DLL
0x00007ffe74480000 - 0x00007ffe7451b000 	C:\Users\kjy51\.jdks\corretto-17.0.7\bin\msvcp140.dll
0x00007ffe25970000 - 0x00007ffe2658a000 	C:\Users\kjy51\.jdks\corretto-17.0.7\bin\server\jvm.dll
0x00007ffec97d0000 - 0x00007ffec9881000 	C:\Windows\System32\ADVAPI32.dll
0x00007ffec9b00000 - 0x00007ffec9ba5000 	C:\Windows\System32\sechost.dll
0x00007ffeca920000 - 0x00007ffecaa37000 	C:\Windows\System32\RPCRT4.dll
0x00007ffec2570000 - 0x00007ffec25a4000 	C:\Windows\SYSTEM32\WINMM.dll
0x00007ffeba0c0000 - 0x00007ffeba0c9000 	C:\Windows\SYSTEM32\WSOCK32.dll
0x00007ffec10e0000 - 0x00007ffec10ea000 	C:\Windows\SYSTEM32\VERSION.dll
0x00007ffecad50000 - 0x00007ffecadc1000 	C:\Windows\System32\WS2_32.dll
0x00007ffec7d10000 - 0x00007ffec7d28000 	C:\Windows\SYSTEM32\kernel.appcore.dll
0x00007ffec3010000 - 0x00007ffec301a000 	C:\Users\kjy51\.jdks\corretto-17.0.7\bin\jimage.dll
0x00007ffebed20000 - 0x00007ffebef53000 	C:\Windows\SYSTEM32\DBGHELP.DLL
0x00007ffecb4a0000 - 0x00007ffecb829000 	C:\Windows\System32\combase.dll
0x00007ffec9890000 - 0x00007ffec9967000 	C:\Windows\System32\OLEAUT32.dll
0x00007ffec01f0000 - 0x00007ffec0222000 	C:\Windows\SYSTEM32\dbgcore.DLL
0x00007ffec8de0000 - 0x00007ffec8e5a000 	C:\Windows\System32\bcryptPrimitives.dll
0x00007ffec4ca0000 - 0x00007ffec4cae000 	C:\Users\kjy51\.jdks\corretto-17.0.7\bin\instrument.dll
0x00007ffeb4a40000 - 0x00007ffeb4a65000 	C:\Users\kjy51\.jdks\corretto-17.0.7\bin\java.dll

dbghelp: loaded successfully - version: 4.0.5 - missing functions: none
symbol engine: initialized successfully - sym options: 0x614 - pdb path: .;C:\Users\kjy51\.jdks\corretto-17.0.7\bin;C:\Windows\SYSTEM32;C:\Program Files\Avast Software\Avast;C:\Windows\WinSxS\amd64_microsoft.windows.common-controls_6595b64144ccf1df_6.0.22621.2506_none_270c5ae97388e100;C:\Users\kjy51\.jdks\corretto-17.0.7\bin\server

VM Arguments:
jvm_args: -ea -Didea.test.cyclic.buffer.size=1048576 -javaagent:E:\JetBrains\IntelliJ IDEA Community Edition 2023.3.1\lib\idea_rt.jar=51606:E:\JetBrains\IntelliJ IDEA Community Edition 2023.3.1\bin -Dfile.encoding=UTF-8 
java_command: com.intellij.rt.junit.JUnitStarter -ideVersion5 -junit5 jpabook.jpashop.MemberRepositoryTest,testMember
java_class_path (initial): C:\Users\kjy51\.m2\repository\org\junit\platform\junit-platform-launcher\1.10.1\junit-platform-launcher-1.10.1.jar;C:\Users\kjy51\.m2\repository\org\junit\platform\junit-platform-engine\1.10.1\junit-platform-engine-1.10.1.jar;C:\Users\kjy51\.m2\repository\org\opentest4j\opentest4j\1.3.0\opentest4j-1.3.0.jar;C:\Users\kjy51\.m2\repository\org\junit\platform\junit-platform-commons\1.10.1\junit-platform-commons-1.10.1.jar;C:\Users\kjy51\.m2\repository\org\apiguardian\apiguardian-api\1.1.2\apiguardian-api-1.1.2.jar;E:\JetBrains\IntelliJ IDEA Community Edition 2023.3.1\lib\idea_rt.jar;E:\JetBrains\IntelliJ IDEA Community Edition 2023.3.1\plugins\junit\lib\junit5-rt.jar;E:\JetBrains\IntelliJ IDEA Community Edition 2023.3.1\plugins\junit\lib\junit-rt.jar;E:\Work\Jpa\jpashop\jpashop\out\test\classes;E:\Work\Jpa\jpashop\jpashop\out\production\classes;E:\Work\Jpa\jpashop\jpashop\out\production\resources;C:\Users\kjy51\.gradle\caches\modules-2\files-2.1\org.springframework.boot\spring-boot-starter-data-jpa\3.2.0\6a8ad077a37f8a0cef6949dcfd91a9b2115cade\spring-boot-starter-data-jpa-3.2.0.jar;C:\Users\kjy51\.gradle\caches\modules-2\files-2.1\org.springframework.boot\spring-boot-starter-thymeleaf\3.2.0\aafdb22a1cb8f8f7f38786417a39d56de51213ba\spring-boot-starter-thymeleaf-3.2.0.jar;C:\Users\kjy51\.gradle\caches\modules-2\files-2.1\org.springframework.boot\spring-boot-starter-web\3.2.0\e609f839e7c2ff9c90bc75d7c05dbcbb19315319\spring-boot-starter-web-3.2.0.jar;C:\Users\kjy51\.gradle\caches\modules-2\files-2.1\org.springframework.boot\spring-boot-devtools\3.2.0\b8a547cba9b5ea40c1b2b0257bc0f19ebe4a0e17\spring-boot-devtools-3.2.0.jar;C:\Users\kjy51\.gradle\caches\modules-2\files-2.1\org.springframework.boot\spring-boot-starter-test\3.2.0\afe5dc428297302f6aefd118aedced224cf2b672\spring-boot-starter-test-3.2.0.jar;C:\Users\kjy51\.gradle\caches\modules-2\files-2.1\org.springframework.boot\spring-boot-starter-aop\3.2.0\1c4e5498a0ae4c179d0c192e9b674ac656f3e0b9\sp
Launcher Type: SUN_STANDARD

[Global flags]
     intx CICompilerCount                          = 4                                         {product} {ergonomic}
     uint ConcGCThreads                            = 3                                         {product} {ergonomic}
     uint G1ConcRefinementThreads                  = 10                                        {product} {ergonomic}
   size_t G1HeapRegionSize                         = 2097152                                   {product} {ergonomic}
    uintx GCDrainStackTargetSize                   = 64                                        {product} {ergonomic}
   size_t InitialHeapSize                          = 268435456                                 {product} {ergonomic}
   size_t MarkStackSize                            = 4194304                                   {product} {ergonomic}
   size_t MaxHeapSize                              = 4265607168                                {product} {ergonomic}
   size_t MinHeapDeltaBytes                        = 2097152                                   {product} {ergonomic}
   size_t MinHeapSize                              = 8388608                                   {product} {ergonomic}
    uintx NonNMethodCodeHeapSize                   = 5839372                                {pd product} {ergonomic}
    uintx NonProfiledCodeHeapSize                  = 122909434                              {pd product} {ergonomic}
    uintx ProfiledCodeHeapSize                     = 122909434                              {pd product} {ergonomic}
    uintx ReservedCodeCacheSize                    = 251658240                              {pd product} {ergonomic}
     bool SegmentedCodeCache                       = true                                      {product} {ergonomic}
   size_t SoftMaxHeapSize                          = 4265607168                             {manageable} {ergonomic}
     bool UseCompressedClassPointers               = true                           {product lp64_product} {ergonomic}
     bool UseCompressedOops                        = true                           {product lp64_product} {ergonomic}
     bool UseG1GC                                  = true                                      {product} {ergonomic}
     bool UseLargePagesIndividualAllocation        = false                                  {pd product} {ergonomic}

Logging:
Log output configuration:
 #0: stdout all=warning uptime,level,tags
 #1: stderr all=off uptime,level,tags

Environment Variables:
PATH=E:\Program Files (x86)\VMware\VMware Player\bin\;C:\Program Files\Common Files\Oracle\Java\javapath;C:\Program Files (x86)\Common Files\Oracle\Java\javapath;C:\Python311\Scripts\;C:\Python311\;C:\Windows\system32;C:\Windows;C:\Windows\System32\Wbem;C:\Windows\System32\WindowsPowerShell\v1.0\;C:\Windows\System32\OpenSSH\;C:\Program Files\Bandizip\;C:\ProgramData\chocolatey\bin;F:\Git\cmd;C:\Program Files\Docker\Docker\resources\bin;E:\;C:\Program Files (x86)\Windows Kits\10\Windows Performance Toolkit\;C:\Users\kjy51\AppData\Local\Microsoft\WindowsApps;;E:\JetBrains\IntelliJ IDEA Community Edition 2023.3.1\bin;;E:\Microsoft VS Code\bin;E:\Program Files\JetBrains\IntelliJ IDEA 2023.1.1\bin;;C:\Users\kjy51\AppData\Roaming\npm
USERNAME=kjy51
OS=Windows_NT
PROCESSOR_IDENTIFIER=AMD64 Family 25 Model 33 Stepping 2, AuthenticAMD
TMP=C:\Users\kjy51\AppData\Local\Temp
TEMP=C:\Users\kjy51\AppData\Local\Temp



---------------  S Y S T E M  ---------------

OS:
 Windows 11 , 64 bit Build 22621 (10.0.22621.2506)
OS uptime: 0 days 1:38 hours

CPU: total 12 (initial active 12) (12 cores per cpu, 2 threads per core) family 25 model 33 stepping 2 microcode 0x0, cx8, cmov, fxsr, ht, mmx, 3dnowpref, sse, sse2, sse3, ssse3, sse4a, sse4.1, sse4.2, popcnt, lzcnt, tsc, tscinvbit, avx, avx2, aes, erms, clmul, bmi1, bmi2, adx, sha, fma, vzeroupper, clflush, clflushopt

Memory: 4k page, system-wide physical 16267M (5284M free)
TotalPageFile size 16267M (AvailPageFile size 103M)
current process WorkingSet (physical memory assigned to process): 12M, peak: 12M
current process commit charge ("private bytes"): 64M, peak: 320M

vm_info: OpenJDK 64-Bit Server VM (17.0.7+7-LTS) for windows-amd64 JRE (17.0.7+7-LTS), built on Apr 14 2023 01:39:21 by "Administrator" with MS VC++ 15.9 (VS2017)

END.
